object TprTxReport
  ShowProgress = True
  FromPage = 1
  ToPage = 1
  Title = 'Reporte CDATS'
  ExportFromPage = 0
  ExportToPage = 0
  Values = <>
  Variables = <
    item
      Name = 'Empresa'
      ValueType = 'prvvtString'
      Value = 'CREDISERVIR LTDA'
    end
    item
      Name = 'Nit'
      ValueType = 'prvvtString'
      Value = ''
    end
    item
      Name = 'FechaI'
      ValueType = 'prvvtDateTime'
      Value = 38615d
    end
    item
      Name = 'FechaF'
      ValueType = 'prvvtDateTime'
      Value = 38615d
    end>
  PrinterName = '\\DEPARTAS02\Epson LX-300'
  ESCModelName = 'Epson printers'
  WrapAfterColumn = 0
  EjectPageAfterPrint = False
  UseLinesOnPage = True
  LinesOnPage = 0
  FromLine = 0
  ToLine = 0
  ExportFromLine = 0
  ExportToLine = 0
  Left = 110
  Top = 424
  SystemInfo = (
    'OS: WIN32_NT 5.1.2600 Service Pack 2'
    ''
    'PageSize: 4096'
    'ActiveProcessorMask: $1000'
    'NumberOfProcessors: 2'
    'ProcessorType: 586'
    ''
    'Compiler version: Delphi6'
    'PReport version: 1.9.4')
  object prTxPage1: TprTxPage
    PageType = tptPage
    LineNum = 60
    ColNum = 132
    object prTxHPageHeaderBand1: TprTxHPageHeaderBand
      Height = 2
      UseVerticalBands = False
      PrintOnFirstPage = True
      object prTxMemoObj1: TprTxMemoObj
        dRec.DefVersion = 0
        dRec.Versions = <
          item
            Visible = True
            Memo.Strings = (
              '[Empresa]')
            DeleteEmptyLinesAtEnd = False
            DeleteEmptyLines = False
            CanResizeX = False
            CanResizeY = False
            hAlign = prhLeft
            vAlign = prvTop
            DefaultFont = False
            WordWrap = False
            TxFontOptionsEx = (
              tfoBold
              tfoWide)
          end>
        dRec.Left = 1
        dRec.Top = 0
        dRec.Right = 17
        dRec.Bottom = 1
        Visible = False
      end
      object prTxCommandObj2: TprTxCommandObj
        dRec.DefVersion = 0
        dRec.Versions = <
          item
            Visible = True
          end>
        dRec.Left = 84
        dRec.Top = 0
        dRec.Right = 85
        dRec.Bottom = 1
        Visible = False
      end
      object prTxMemoObj32: TprTxMemoObj
        dRec.DefVersion = 0
        dRec.Versions = <
          item
            Visible = True
            Memo.Strings = (
              
                'REVERSIONES DE CARTERA DESDE: [:<yyyy/MM/dd>FechaI] HASTA [:<yyy' +
                'y/MM/dd>FechaF]')
            DeleteEmptyLinesAtEnd = False
            DeleteEmptyLines = False
            CanResizeX = False
            CanResizeY = False
            hAlign = prhCenter
            vAlign = prvCenter
            DefaultFont = False
            WordWrap = False
          end>
        dRec.Left = 20
        dRec.Top = 0
        dRec.Right = 82
        dRec.Bottom = 1
        Visible = False
      end
      object prTxMemoObj13: TprTxMemoObj
        dRec.DefVersion = 0
        dRec.Versions = <
          item
            Visible = True
            Memo.Strings = (
              
                '----------------------------------------------------------------' +
                '----------------------------------------------------------------' +
                '----------------------------------------------------------------' +
                '---------------------------------------')
            DeleteEmptyLinesAtEnd = False
            DeleteEmptyLines = False
            CanResizeX = False
            CanResizeY = False
            hAlign = prhLeft
            vAlign = prvTop
            DefaultFont = False
            WordWrap = False
          end>
        dRec.Left = 1
        dRec.Top = 1
        dRec.Right = 106
        dRec.Bottom = 2
        Visible = False
      end
      object prTxMemoObj14: TprTxMemoObj
        dRec.DefVersion = 0
        dRec.Versions = <
          item
            Formula = 'PagePagesCountPage'
            Visible = True
            Memo.Strings = (
              'Pagina [Page] de [Pagescount]')
            DeleteEmptyLinesAtEnd = False
            DeleteEmptyLines = False
            CanResizeX = False
            CanResizeY = False
            hAlign = prhRight
            vAlign = prvCenter
            DefaultFont = False
            WordWrap = False
          end>
        dRec.Left = 85
        dRec.Top = 0
        dRec.Right = 104
        dRec.Bottom = 1
        Visible = False
      end
      object prTxCommandObj1: TprTxCommandObj
        dRec.DefVersion = 0
        dRec.Versions = <
          item
            Visible = True
            TxCommands = (
              txcNormal
              txcCondensedOn)
          end>
        dRec.Left = 0
        dRec.Top = 0
        dRec.Right = 1
        dRec.Bottom = 1
        Visible = False
      end
    end
    object prTxHDetailHeaderBand1: TprTxHDetailHeaderBand
      Height = 2
      UseVerticalBands = False
      DetailBand = prTxHDetailBand1
      ColCount = 1
      ColDirection = prcdTopBottomLeftRight
      ReprintOnEachPage = True
      LinkToDetail = True
      object prTxMemoObj7: TprTxMemoObj
        dRec.DefVersion = 0
        dRec.Versions = <
          item
            Visible = True
            Memo.Strings = (
              'COLOCACION')
            DeleteEmptyLinesAtEnd = False
            DeleteEmptyLines = False
            CanResizeX = False
            CanResizeY = False
            hAlign = prhCenter
            vAlign = prvTop
            DefaultFont = False
            WordWrap = False
          end>
        dRec.Left = 5
        dRec.Top = 0
        dRec.Right = 16
        dRec.Bottom = 1
        Visible = False
      end
      object prTxMemoObj2: TprTxMemoObj
        dRec.DefVersion = 0
        dRec.Versions = <
          item
            Visible = True
            Memo.Strings = (
              'AG.')
            DeleteEmptyLinesAtEnd = False
            DeleteEmptyLines = False
            CanResizeX = False
            CanResizeY = False
            hAlign = prhCenter
            vAlign = prvTop
            DefaultFont = False
            WordWrap = False
          end>
        dRec.Left = 1
        dRec.Top = 0
        dRec.Right = 4
        dRec.Bottom = 1
        Visible = False
      end
      object prTxMemoObj3: TprTxMemoObj
        dRec.DefVersion = 0
        dRec.Versions = <
          item
            Visible = True
            Memo.Strings = (
              '|')
            DeleteEmptyLinesAtEnd = False
            DeleteEmptyLines = False
            CanResizeX = False
            CanResizeY = False
            hAlign = prhLeft
            vAlign = prvTop
            DefaultFont = False
            WordWrap = False
          end>
        dRec.Left = 4
        dRec.Top = 0
        dRec.Right = 5
        dRec.Bottom = 1
        Visible = False
      end
      object prTxMemoObj54: TprTxMemoObj
        dRec.DefVersion = 0
        dRec.Versions = <
          item
            Visible = True
            Memo.Strings = (
              'ASOCIADO')
            DeleteEmptyLinesAtEnd = False
            DeleteEmptyLines = False
            CanResizeX = False
            CanResizeY = False
            hAlign = prhCenter
            vAlign = prvCenter
            DefaultFont = False
            WordWrap = False
          end>
        dRec.Left = 17
        dRec.Top = 0
        dRec.Right = 49
        dRec.Bottom = 1
        Visible = False
      end
      object prTxMemoObj63: TprTxMemoObj
        dRec.DefVersion = 0
        dRec.Versions = <
          item
            Visible = True
            Memo.Strings = (
              '')
            DeleteEmptyLinesAtEnd = False
            DeleteEmptyLines = False
            CanResizeX = False
            CanResizeY = False
            hAlign = prhLeft
            vAlign = prvTop
            DefaultFont = False
            WordWrap = False
          end>
        dRec.Left = -1
        dRec.Top = 1
        dRec.Right = 1
        dRec.Bottom = 2
        Visible = False
      end
      object prTxMemoObj47: TprTxMemoObj
        dRec.DefVersion = 0
        dRec.Versions = <
          item
            Visible = True
            Memo.Strings = (
              '|')
            DeleteEmptyLinesAtEnd = False
            DeleteEmptyLines = False
            CanResizeX = False
            CanResizeY = False
            hAlign = prhLeft
            vAlign = prvTop
            DefaultFont = False
            WordWrap = False
          end>
        dRec.Left = 16
        dRec.Top = 0
        dRec.Right = 17
        dRec.Bottom = 1
        Visible = False
      end
      object prTxMemoObj15: TprTxMemoObj
        dRec.DefVersion = 0
        dRec.Versions = <
          item
            Visible = True
            Memo.Strings = (
              
                '----------------------------------------------------------------' +
                '----------------------------------------------------------------' +
                '----------------------------------------------------------------' +
                '---------------------------------------')
            DeleteEmptyLinesAtEnd = False
            DeleteEmptyLines = False
            CanResizeX = False
            CanResizeY = False
            hAlign = prhLeft
            vAlign = prvTop
            DefaultFont = False
            WordWrap = False
          end>
        dRec.Left = 1
        dRec.Top = 1
        dRec.Right = 106
        dRec.Bottom = 2
        Visible = False
      end
      object prTxMemoObj30: TprTxMemoObj
        dRec.DefVersion = 0
        dRec.Versions = <
          item
            Visible = True
            Memo.Strings = (
              '|')
            DeleteEmptyLinesAtEnd = False
            DeleteEmptyLines = False
            CanResizeX = False
            CanResizeY = False
            hAlign = prhLeft
            vAlign = prvTop
            DefaultFont = False
            WordWrap = False
          end>
        dRec.Left = 49
        dRec.Top = 0
        dRec.Right = 50
        dRec.Bottom = 1
        Visible = False
      end
      object prTxMemoObj41: TprTxMemoObj
        dRec.DefVersion = 0
        dRec.Versions = <
          item
            Visible = True
            Memo.Strings = (
              'F. ABONO')
            DeleteEmptyLinesAtEnd = False
            DeleteEmptyLines = False
            CanResizeX = False
            CanResizeY = False
            hAlign = prhCenter
            vAlign = prvTop
            DefaultFont = False
            WordWrap = False
          end>
        dRec.Left = 50
        dRec.Top = 0
        dRec.Right = 60
        dRec.Bottom = 1
        Visible = False
      end
      object prTxMemoObj43: TprTxMemoObj
        dRec.DefVersion = 0
        dRec.Versions = <
          item
            Visible = True
            Memo.Strings = (
              '|')
            DeleteEmptyLinesAtEnd = False
            DeleteEmptyLines = False
            CanResizeX = False
            CanResizeY = False
            hAlign = prhLeft
            vAlign = prvTop
            DefaultFont = False
            WordWrap = False
          end>
        dRec.Left = 60
        dRec.Top = 0
        dRec.Right = 61
        dRec.Bottom = 1
        Visible = False
      end
      object prTxMemoObj44: TprTxMemoObj
        dRec.DefVersion = 0
        dRec.Versions = <
          item
            Visible = True
            Memo.Strings = (
              'C.ABONO')
            DeleteEmptyLinesAtEnd = False
            DeleteEmptyLines = False
            CanResizeX = False
            CanResizeY = False
            hAlign = prhCenter
            vAlign = prvTop
            DefaultFont = False
            WordWrap = False
          end>
        dRec.Left = 61
        dRec.Top = 0
        dRec.Right = 68
        dRec.Bottom = 1
        Visible = False
      end
      object prTxMemoObj61: TprTxMemoObj
        dRec.DefVersion = 0
        dRec.Versions = <
          item
            Visible = True
            Memo.Strings = (
              '|')
            DeleteEmptyLinesAtEnd = False
            DeleteEmptyLines = False
            CanResizeX = False
            CanResizeY = False
            hAlign = prhLeft
            vAlign = prvTop
            DefaultFont = False
            WordWrap = False
          end>
        dRec.Left = 76
        dRec.Top = 0
        dRec.Right = 77
        dRec.Bottom = 1
        Visible = False
      end
      object prTxMemoObj62: TprTxMemoObj
        dRec.DefVersion = 0
        dRec.Versions = <
          item
            Visible = True
            Memo.Strings = (
              'EMPLEADO')
            DeleteEmptyLinesAtEnd = False
            DeleteEmptyLines = False
            CanResizeX = False
            CanResizeY = False
            hAlign = prhCenter
            vAlign = prvTop
            DefaultFont = False
            WordWrap = False
          end>
        dRec.Left = 77
        dRec.Top = 0
        dRec.Right = 105
        dRec.Bottom = 1
        Visible = False
      end
      object prTxVLineObj1: TprTxVLineObj
        dRec.DefVersion = 0
        dRec.Versions = <
          item
            Visible = True
          end>
        dRec.Left = 68
        dRec.Top = 0
        dRec.Right = 69
        dRec.Bottom = 1
        Visible = False
      end
      object prTxMemoObj6: TprTxMemoObj
        dRec.DefVersion = 0
        dRec.Versions = <
          item
            Visible = True
            Memo.Strings = (
              'C.REVER.')
            DeleteEmptyLinesAtEnd = False
            DeleteEmptyLines = False
            CanResizeX = False
            CanResizeY = False
            hAlign = prhLeft
            vAlign = prvTop
            DefaultFont = False
            WordWrap = False
          end>
        dRec.Left = 69
        dRec.Top = 0
        dRec.Right = 76
        dRec.Bottom = 1
        Visible = False
      end
    end
    object prTxHDetailBand1: TprTxHDetailBand
      Height = 1
      UseVerticalBands = False
      DataSetName = 'IBQuery'
      ColCount = 1
      ColDirection = prcdTopBottomLeftRight
      Groups = (
        'FechaR')
      Bands = (
        'prTxHDetailHeaderBand1')
      object prTxMemoObj18: TprTxMemoObj
        dRec.DefVersion = 0
        dRec.Versions = <
          item
            Visible = True
            Memo.Strings = (
              '[IBQuery.ID_AGENCIA]')
            DeleteEmptyLinesAtEnd = False
            DeleteEmptyLines = False
            CanResizeX = False
            CanResizeY = False
            hAlign = prhLeft
            vAlign = prvTop
            DefaultFont = False
            WordWrap = False
          end>
        dRec.Left = 1
        dRec.Top = 0
        dRec.Right = 4
        dRec.Bottom = 1
        Visible = False
      end
      object prTxMemoObj57: TprTxMemoObj
        dRec.DefVersion = 0
        dRec.Versions = <
          item
            Visible = True
            Memo.Strings = (
              '|')
            DeleteEmptyLinesAtEnd = False
            DeleteEmptyLines = False
            CanResizeX = False
            CanResizeY = False
            hAlign = prhLeft
            vAlign = prvTop
            DefaultFont = False
            WordWrap = False
          end>
        dRec.Left = 4
        dRec.Top = 0
        dRec.Right = 5
        dRec.Bottom = 1
        Visible = False
      end
      object prTxMemoObj58: TprTxMemoObj
        dRec.DefVersion = 0
        dRec.Versions = <
          item
            Visible = True
            Memo.Strings = (
              '[IBQuery.ID_COLOCACION]')
            DeleteEmptyLinesAtEnd = True
            DeleteEmptyLines = True
            CanResizeX = True
            CanResizeY = True
            hAlign = prhLeft
            vAlign = prvCenter
            DefaultFont = False
            WordWrap = True
          end>
        dRec.Left = 5
        dRec.Top = 0
        dRec.Right = 16
        dRec.Bottom = 1
        Visible = False
      end
      object prTxMemoObj60: TprTxMemoObj
        dRec.DefVersion = 0
        dRec.Versions = <
          item
            Visible = True
            Memo.Strings = (
              
                '[IBQuery.NOMBRE1]  [IBQuery.PRIMER_APELLIDO1]  [IBQuery.SEGUNDO_' +
                'APELLIDO1] ')
            DeleteEmptyLinesAtEnd = False
            DeleteEmptyLines = False
            CanResizeX = False
            CanResizeY = False
            hAlign = prhLeft
            vAlign = prvCenter
            DefaultFont = False
            WordWrap = True
          end>
        dRec.Left = 17
        dRec.Top = 0
        dRec.Right = 49
        dRec.Bottom = 1
        Visible = False
      end
      object prTxMemoObj24: TprTxMemoObj
        dRec.DefVersion = 0
        dRec.Versions = <
          item
            Visible = True
            Memo.Strings = (
              
                '[IBQuery.NOMBRE]  [IBQuery.PRIMER_APELLIDO]  [IBQuery.SEGUNDO_AP' +
                'ELLIDO] ')
            DeleteEmptyLinesAtEnd = False
            DeleteEmptyLines = False
            CanResizeX = False
            CanResizeY = False
            hAlign = prhLeft
            vAlign = prvCenter
            DefaultFont = False
            WordWrap = False
          end>
        dRec.Left = 77
        dRec.Top = 0
        dRec.Right = 105
        dRec.Bottom = 1
        Visible = False
      end
      object prTxMemoObj49: TprTxMemoObj
        dRec.DefVersion = 0
        dRec.Versions = <
          item
            Visible = True
            Memo.Strings = (
              '|')
            DeleteEmptyLinesAtEnd = False
            DeleteEmptyLines = False
            CanResizeX = False
            CanResizeY = False
            hAlign = prhLeft
            vAlign = prvTop
            DefaultFont = False
            WordWrap = False
          end>
        dRec.Left = 16
        dRec.Top = 0
        dRec.Right = 17
        dRec.Bottom = 1
        Visible = False
      end
      object prTxMemoObj64: TprTxMemoObj
        dRec.DefVersion = 0
        dRec.Versions = <
          item
            Visible = True
            Memo.Strings = (
              '|')
            DeleteEmptyLinesAtEnd = False
            DeleteEmptyLines = False
            CanResizeX = False
            CanResizeY = False
            hAlign = prhLeft
            vAlign = prvTop
            DefaultFont = False
            WordWrap = False
          end>
        dRec.Left = 49
        dRec.Top = 0
        dRec.Right = 50
        dRec.Bottom = 1
        Visible = False
      end
      object prTxMemoObj65: TprTxMemoObj
        dRec.DefVersion = 0
        dRec.Versions = <
          item
            Visible = True
            Memo.Strings = (
              '[:<yyyy/MM/dd>IBQuery.FECHA_EXTRACTO]')
            DeleteEmptyLinesAtEnd = False
            DeleteEmptyLines = False
            CanResizeX = False
            CanResizeY = False
            hAlign = prhLeft
            vAlign = prvTop
            DefaultFont = False
            WordWrap = False
          end>
        dRec.Left = 50
        dRec.Top = 0
        dRec.Right = 60
        dRec.Bottom = 1
        Visible = False
      end
      object prTxMemoObj68: TprTxMemoObj
        dRec.DefVersion = 0
        dRec.Versions = <
          item
            Visible = True
            Memo.Strings = (
              '|')
            DeleteEmptyLinesAtEnd = False
            DeleteEmptyLines = False
            CanResizeX = False
            CanResizeY = False
            hAlign = prhLeft
            vAlign = prvTop
            DefaultFont = False
            WordWrap = False
          end>
        dRec.Left = 60
        dRec.Top = 0
        dRec.Right = 61
        dRec.Bottom = 1
        Visible = False
      end
      object prTxMemoObj69: TprTxMemoObj
        dRec.DefVersion = 0
        dRec.Versions = <
          item
            Visible = True
            Memo.Strings = (
              '[:<0000000>IBQuery.ID_CBTE_COLOCACION]')
            DeleteEmptyLinesAtEnd = False
            DeleteEmptyLines = False
            CanResizeX = False
            CanResizeY = False
            hAlign = prhRight
            vAlign = prvTop
            DefaultFont = False
            WordWrap = False
          end>
        dRec.Left = 69
        dRec.Top = 0
        dRec.Right = 76
        dRec.Bottom = 1
        Visible = False
      end
      object prTxVLineObj2: TprTxVLineObj
        dRec.DefVersion = 0
        dRec.Versions = <
          item
            Visible = True
          end>
        dRec.Left = 68
        dRec.Top = 0
        dRec.Right = 69
        dRec.Bottom = 1
        Visible = False
      end
      object prTxMemoObj8: TprTxMemoObj
        dRec.DefVersion = 0
        dRec.Versions = <
          item
            Visible = True
            Memo.Strings = (
              '[:<0000000>IBQuery.CBTE_REVERSADO]')
            DeleteEmptyLinesAtEnd = False
            DeleteEmptyLines = False
            CanResizeX = False
            CanResizeY = False
            hAlign = prhRight
            vAlign = prvTop
            DefaultFont = False
            WordWrap = False
          end>
        dRec.Left = 61
        dRec.Top = 0
        dRec.Right = 68
        dRec.Bottom = 1
        Visible = False
      end
      object prTxVLineObj3: TprTxVLineObj
        dRec.DefVersion = 0
        dRec.Versions = <
          item
            Visible = True
          end>
        dRec.Left = 76
        dRec.Top = 0
        dRec.Right = 77
        dRec.Bottom = 1
        Visible = False
      end
    end
    object prTxHGroupFooterBand1: TprTxHGroupFooterBand
      Height = 1
      UseVerticalBands = False
      Group = FechaR
      ColCount = 1
      ColDirection = prcdTopBottomLeftRight
      LinkToDetail = True
    end
    object prTxHGroupHeaderBand1: TprTxHGroupHeaderBand
      Height = 1
      UseVerticalBands = False
      Group = FechaR
      ColCount = 1
      ColDirection = prcdTopBottomLeftRight
      LinkToDetail = True
      StartNewPage = False
      ReprintOnEachPage = True
      object prTxMemoObj5: TprTxMemoObj
        dRec.DefVersion = 0
        dRec.Versions = <
          item
            Visible = True
            Memo.Strings = (
              '[IBQuery.FECHA_REVERSION]')
            DeleteEmptyLinesAtEnd = False
            DeleteEmptyLines = False
            CanResizeX = False
            CanResizeY = False
            hAlign = prhRight
            vAlign = prvTop
            DefaultFont = False
            WordWrap = False
          end>
        dRec.Left = 22
        dRec.Top = 0
        dRec.Right = 36
        dRec.Bottom = 1
        Visible = False
      end
      object prTxMemoObj4: TprTxMemoObj
        dRec.DefVersion = 0
        dRec.Versions = <
          item
            Visible = True
            Memo.Strings = (
              'Fecha de Reversion :')
            DeleteEmptyLinesAtEnd = False
            DeleteEmptyLines = False
            CanResizeX = False
            CanResizeY = False
            hAlign = prhLeft
            vAlign = prvTop
            DefaultFont = False
            WordWrap = False
          end>
        dRec.Left = 1
        dRec.Top = 0
        dRec.Right = 22
        dRec.Bottom = 1
        Visible = False
      end
    end
  end
  object FechaR: TprGroup
    Valid = 'IBQuery.FECHA_REVERSION'
    DetailBand = prTxHDetailBand1
  end
end
